<?xml version="1.0" encoding="UTF-8"?>
<testng-results skipped="0" failed="0" total="2" passed="2">
  <reporter-output>
  </reporter-output>
  <suite name="Suite" duration-ms="53960" started-at="2020-07-14T11:03:37Z" finished-at="2020-07-14T11:04:31Z">
    <groups>
    </groups>
    <test name="Test" duration-ms="53960" started-at="2020-07-14T11:03:37Z" finished-at="2020-07-14T11:04:31Z">
      <class name="makemytrip.MakeMyTripTest">
        <test-method status="PASS" signature="test1()[pri:0, instance:makemytrip.MakeMyTripTest@8e0379d]" name="test1" duration-ms="20491" started-at="2020-07-14T16:33:37Z" finished-at="2020-07-14T16:33:57Z">
          <reporter-output>
          </reporter-output>
        </test-method> <!-- test1 -->
        <test-method status="PASS" signature="test2(java.lang.String, java.lang.String)[pri:0, instance:makemytrip.MakeMyTripTest@8e0379d]" name="test2" duration-ms="33432" started-at="2020-07-14T16:33:57Z" data-provider="getData" finished-at="2020-07-14T16:34:31Z">
          <params>
            <param index="0">
              <value>
                <![CDATA[Mumbai]]>
              </value>
            </param>
            <param index="1">
              <value>
                <![CDATA[Bengaluru]]>
              </value>
            </param>
          </params>
          <reporter-output>
          </reporter-output>
        </test-method> <!-- test2 -->
      </class> <!-- makemytrip.MakeMyTripTest -->
    </test> <!-- Test -->
  </suite> <!-- Suite -->
</testng-results>
